This is pdfTeX, Version 3.1415926-2.4-1.40.13 (MiKTeX 2.9) (preloaded format=pdflatex 2012.9.2)  15 FEB 2015 16:48
entering extended mode
**sim_results.tex
(C:\Users\kapelner\workspace\GreedyExperimentalDesign\reports\sim_results.tex
LaTeX2e <2011/06/27>
Babel <v3.8m> and hyphenation patterns for english, afrikaans, ancientgreek, ar
abic, armenian, assamese, basque, bengali, bokmal, bulgarian, catalan, coptic, 
croatian, czech, danish, dutch, esperanto, estonian, farsi, finnish, french, ga
lician, german, german-x-2012-05-30, greek, gujarati, hindi, hungarian, iceland
ic, indonesian, interlingua, irish, italian, kannada, kurmanji, latin, latvian,
 lithuanian, malayalam, marathi, mongolian, mongolianlmc, monogreek, ngerman, n
german-x-2012-05-30, nynorsk, oriya, panjabi, pinyin, polish, portuguese, roman
ian, russian, sanskrit, serbian, slovak, slovenian, spanish, swedish, swissgerm
an, tamil, telugu, turkish, turkmen, ukenglish, ukrainian, uppersorbian, usengl
ishmax, welsh, loaded.
("C:\Program Files (x86)\MiKTeX 2.9\tex\latex\base\article.cls"
Document Class: article 2007/10/19 v1.4h Standard LaTeX document class
("C:\Program Files (x86)\MiKTeX 2.9\tex\latex\base\size10.clo"
File: size10.clo 2007/10/19 v1.4h Standard LaTeX file (size option)
)
\c@part=\count79
\c@section=\count80
\c@subsection=\count81
\c@subsubsection=\count82
\c@paragraph=\count83
\c@subparagraph=\count84
\c@figure=\count85
\c@table=\count86
\abovecaptionskip=\skip41
\belowcaptionskip=\skip42
\bibindent=\dimen102
)
("C:\Program Files (x86)\MiKTeX 2.9\tex\latex\graphics\graphicx.sty"
Package: graphicx 1999/02/16 v1.0f Enhanced LaTeX Graphics (DPC,SPQR)

("C:\Program Files (x86)\MiKTeX 2.9\tex\latex\graphics\keyval.sty"
Package: keyval 1999/03/16 v1.13 key=value parser (DPC)
\KV@toks@=\toks14
)
("C:\Program Files (x86)\MiKTeX 2.9\tex\latex\graphics\graphics.sty"
Package: graphics 2009/02/05 v1.0o Standard LaTeX Graphics (DPC,SPQR)

("C:\Program Files (x86)\MiKTeX 2.9\tex\latex\graphics\trig.sty"
Package: trig 1999/03/16 v1.09 sin cos tan (DPC)
)
("C:\Program Files (x86)\MiKTeX 2.9\tex\latex\00miktex\graphics.cfg"
File: graphics.cfg 2007/01/18 v1.5 graphics configuration of teTeX/TeXLive
)
Package graphics Info: Driver file: pdftex.def on input line 91.

("C:\Program Files (x86)\MiKTeX 2.9\tex\latex\pdftex-def\pdftex.def"
File: pdftex.def 2011/05/27 v0.06d Graphics/color for pdfTeX

("C:\Program Files (x86)\MiKTeX 2.9\tex\generic\oberdiek\infwarerr.sty"
Package: infwarerr 2010/04/08 v1.3 Providing info/warning/error messages (HO)
)
("C:\Program Files (x86)\MiKTeX 2.9\tex\generic\oberdiek\ltxcmds.sty"
Package: ltxcmds 2011/11/09 v1.22 LaTeX kernel commands for general use (HO)
)
\Gread@gobject=\count87
))
\Gin@req@height=\dimen103
\Gin@req@width=\dimen104
)
("C:\Program Files (x86)\MiKTeX 2.9\tex\latex\graphics\color.sty"
Package: color 2005/11/14 v1.0j Standard LaTeX Color (DPC)

("C:\Program Files (x86)\MiKTeX 2.9\tex\latex\00miktex\color.cfg"
File: color.cfg 2007/01/18 v1.5 color configuration of teTeX/TeXLive
)
Package color Info: Driver file: pdftex.def on input line 130.
)
("C:\Program Files (x86)\MiKTeX 2.9\tex\latex\framed\framed.sty"
Package: framed 2011/10/22 v 0.96: framed or shaded text with page breaks
\OuterFrameSep=\skip43
\fb@frw=\dimen105
\fb@frh=\dimen106
\FrameRule=\dimen107
\FrameSep=\dimen108
)
("C:\Program Files (x86)\MiKTeX 2.9\tex\latex\base\alltt.sty"
Package: alltt 1997/06/16 v2.0g defines alltt environment
)
("C:\Program Files (x86)\MiKTeX 2.9\tex\latex\base\fontenc.sty"
Package: fontenc 2005/09/27 v1.99g Standard LaTeX package

("C:\Program Files (x86)\MiKTeX 2.9\tex\latex\base\t1enc.def"
File: t1enc.def 2005/09/27 v1.99g Standard LaTeX file
LaTeX Font Info:    Redeclaring font encoding T1 on input line 43.
))
("C:\Program Files (x86)\MiKTeX 2.9\tex\latex\datetime\datetime.sty"
Package: datetime 2010/09/21 v2.58 Date Time Package

("C:\Program Files (x86)\MiKTeX 2.9\tex\latex\fmtcount\fmtcount.sty"
Package: fmtcount 2009/10/02 v1.31

("C:\Program Files (x86)\MiKTeX 2.9\tex\latex\base\ifthen.sty"
Package: ifthen 2001/05/26 v1.1c Standard LaTeX ifthen package (DPC)
)
("C:\Program Files (x86)\MiKTeX 2.9\tex\latex\ams\math\amsgen.sty"
File: amsgen.sty 1999/11/30 v2.0
\@emptytoks=\toks15
\ex@=\dimen109
)
\c@padzeroesN=\count88

("C:\Program Files (x86)\MiKTeX 2.9\tex\latex\fmtcount\fc-english.def"
File: fc-english 2007/05/26
)
("C:\Program Files (x86)\MiKTeX 2.9\tex\latex\fmtcount\fc-UKenglish.def"
File: fc-UKenglish 2007/06/14
)
("C:\Program Files (x86)\MiKTeX 2.9\tex\latex\fmtcount\fc-british.def"
File: fc-british 2007/06/14
)
("C:\Program Files (x86)\MiKTeX 2.9\tex\latex\fmtcount\fc-USenglish.def"
File: fc-USenglish 2007/06/14
)
("C:\Program Files (x86)\MiKTeX 2.9\tex\latex\fmtcount\fc-spanish.def"
File: fc-spanish.def 2007/05/26
)
("C:\Program Files (x86)\MiKTeX 2.9\tex\latex\fmtcount\fc-portuges.def"
File: fc-portuges.def 2007/05/26
)
("C:\Program Files (x86)\MiKTeX 2.9\tex\latex\fmtcount\fc-french.def"
File: fc-french.def 2007/05/26
)
("C:\Program Files (x86)\MiKTeX 2.9\tex\latex\fmtcount\fc-german.def"
File: fc-german.def 2007/06/14
)
("C:\Program Files (x86)\MiKTeX 2.9\tex\latex\fmtcount\fc-italian.def"
File: fc-italian.def 2009/10/02 Italian support for fmtcount (Edoardo Pasca)
)
No configuration file fmtcount.cfg found.
\@DT@modctr=\count89
\@ordinalctr=\count90
\@orgargctr=\count91
\@strctr=\count92
\@tmpstrctr=\count93
\@DT@loopN=\count94
\@DT@X=\count95
)
\@day=\count96
\@month=\count97
\@year=\count98
\c@HOUR=\count99
\c@HOURXII=\count100
\c@MINUTE=\count101
\c@TOHOUR=\count102
\c@TOMINUTE=\count103
\c@SECOND=\count104
\currenthour=\count105
\currentminute=\count106
\currentsecond=\count107
Package datetime Info: No datetime.cfg file found, using default settings on in
put line 292.
\@dtctr=\count108
\dayofyear=\count109
\dayofweek=\count110
LaTeX Info: Redefining \today on input line 724.
\dt@a=\toks16
\dt@b=\toks17
) ("C:\Program Files (x86)\MiKTeX 2.9\tex\latex\geometry\geometry.sty"
Package: geometry 2010/09/12 v5.6 Page Geometry

("C:\Program Files (x86)\MiKTeX 2.9\tex\generic\oberdiek\ifpdf.sty"
Package: ifpdf 2011/01/30 v2.3 Provides the ifpdf switch (HO)
Package ifpdf Info: pdfTeX in PDF mode is detected.
)
("C:\Program Files (x86)\MiKTeX 2.9\tex\generic\oberdiek\ifvtex.sty"
Package: ifvtex 2010/03/01 v1.5 Detect VTeX and its facilities (HO)
Package ifvtex Info: VTeX not detected.
)
("C:\Program Files (x86)\MiKTeX 2.9\tex\generic\ifxetex\ifxetex.sty"
Package: ifxetex 2010/09/12 v0.6 Provides ifxetex conditional
)
\Gm@cnth=\count111
\Gm@cntv=\count112
\c@Gm@tempcnt=\count113
\Gm@bindingoffset=\dimen110
\Gm@wd@mp=\dimen111
\Gm@odd@mp=\dimen112
\Gm@even@mp=\dimen113
\Gm@layoutwidth=\dimen114
\Gm@layoutheight=\dimen115
\Gm@layouthoffset=\dimen116
\Gm@layoutvoffset=\dimen117
\Gm@dimlist=\toks18

("C:\Program Files (x86)\MiKTeX 2.9\tex\latex\geometry\geometry.cfg"))
("C:\Program Files (x86)\MiKTeX 2.9\tex\latex\upquote\upquote.sty"
Package: upquote 2012/04/19 v1.3 upright-quote and grave-accent glyphs in verba
tim

("C:\Program Files (x86)\MiKTeX 2.9\tex\latex\base\textcomp.sty"
Package: textcomp 2005/09/27 v1.99g Standard LaTeX package
Package textcomp Info: Sub-encoding information:
(textcomp)               5 = only ISO-Adobe without \textcurrency
(textcomp)               4 = 5 + \texteuro
(textcomp)               3 = 4 + \textohm
(textcomp)               2 = 3 + \textestimated + \textcurrency
(textcomp)               1 = TS1 - \textcircled - \t
(textcomp)               0 = TS1 (full)
(textcomp)             Font families with sub-encoding setting implement
(textcomp)             only a restricted character set as indicated.
(textcomp)             Family '?' is the default used for unknown fonts.
(textcomp)             See the documentation for details.
Package textcomp Info: Setting ? sub-encoding to TS1/1 on input line 71.

("C:\Program Files (x86)\MiKTeX 2.9\tex\latex\base\ts1enc.def"
File: ts1enc.def 2001/06/05 v3.0e (jk/car/fm) Standard LaTeX file
)
LaTeX Info: Redefining \oldstylenums on input line 266.
Package textcomp Info: Setting cmr sub-encoding to TS1/0 on input line 281.
Package textcomp Info: Setting cmss sub-encoding to TS1/0 on input line 282.
Package textcomp Info: Setting cmtt sub-encoding to TS1/0 on input line 283.
Package textcomp Info: Setting cmvtt sub-encoding to TS1/0 on input line 284.
Package textcomp Info: Setting cmbr sub-encoding to TS1/0 on input line 285.
Package textcomp Info: Setting cmtl sub-encoding to TS1/0 on input line 286.
Package textcomp Info: Setting ccr sub-encoding to TS1/0 on input line 287.
Package textcomp Info: Setting ptm sub-encoding to TS1/4 on input line 288.
Package textcomp Info: Setting pcr sub-encoding to TS1/4 on input line 289.
Package textcomp Info: Setting phv sub-encoding to TS1/4 on input line 290.
Package textcomp Info: Setting ppl sub-encoding to TS1/3 on input line 291.
Package textcomp Info: Setting pag sub-encoding to TS1/4 on input line 292.
Package textcomp Info: Setting pbk sub-encoding to TS1/4 on input line 293.
Package textcomp Info: Setting pnc sub-encoding to TS1/4 on input line 294.
Package textcomp Info: Setting pzc sub-encoding to TS1/4 on input line 295.
Package textcomp Info: Setting bch sub-encoding to TS1/4 on input line 296.
Package textcomp Info: Setting put sub-encoding to TS1/5 on input line 297.
Package textcomp Info: Setting uag sub-encoding to TS1/5 on input line 298.
Package textcomp Info: Setting ugq sub-encoding to TS1/5 on input line 299.
Package textcomp Info: Setting ul8 sub-encoding to TS1/4 on input line 300.
Package textcomp Info: Setting ul9 sub-encoding to TS1/4 on input line 301.
Package textcomp Info: Setting augie sub-encoding to TS1/5 on input line 302.
Package textcomp Info: Setting dayrom sub-encoding to TS1/3 on input line 303.
Package textcomp Info: Setting dayroms sub-encoding to TS1/3 on input line 304.

Package textcomp Info: Setting pxr sub-encoding to TS1/0 on input line 305.
Package textcomp Info: Setting pxss sub-encoding to TS1/0 on input line 306.
Package textcomp Info: Setting pxtt sub-encoding to TS1/0 on input line 307.
Package textcomp Info: Setting txr sub-encoding to TS1/0 on input line 308.
Package textcomp Info: Setting txss sub-encoding to TS1/0 on input line 309.
Package textcomp Info: Setting txtt sub-encoding to TS1/0 on input line 310.
Package textcomp Info: Setting lmr sub-encoding to TS1/0 on input line 311.
Package textcomp Info: Setting lmdh sub-encoding to TS1/0 on input line 312.
Package textcomp Info: Setting lmss sub-encoding to TS1/0 on input line 313.
Package textcomp Info: Setting lmssq sub-encoding to TS1/0 on input line 314.
Package textcomp Info: Setting lmvtt sub-encoding to TS1/0 on input line 315.
Package textcomp Info: Setting qhv sub-encoding to TS1/0 on input line 316.
Package textcomp Info: Setting qag sub-encoding to TS1/0 on input line 317.
Package textcomp Info: Setting qbk sub-encoding to TS1/0 on input line 318.
Package textcomp Info: Setting qcr sub-encoding to TS1/0 on input line 319.
Package textcomp Info: Setting qcs sub-encoding to TS1/0 on input line 320.
Package textcomp Info: Setting qpl sub-encoding to TS1/0 on input line 321.
Package textcomp Info: Setting qtm sub-encoding to TS1/0 on input line 322.
Package textcomp Info: Setting qzc sub-encoding to TS1/0 on input line 323.
Package textcomp Info: Setting qhvc sub-encoding to TS1/0 on input line 324.
Package textcomp Info: Setting futs sub-encoding to TS1/4 on input line 325.
Package textcomp Info: Setting futx sub-encoding to TS1/4 on input line 326.
Package textcomp Info: Setting futj sub-encoding to TS1/4 on input line 327.
Package textcomp Info: Setting hlh sub-encoding to TS1/3 on input line 328.
Package textcomp Info: Setting hls sub-encoding to TS1/3 on input line 329.
Package textcomp Info: Setting hlst sub-encoding to TS1/3 on input line 330.
Package textcomp Info: Setting hlct sub-encoding to TS1/5 on input line 331.
Package textcomp Info: Setting hlx sub-encoding to TS1/5 on input line 332.
Package textcomp Info: Setting hlce sub-encoding to TS1/5 on input line 333.
Package textcomp Info: Setting hlcn sub-encoding to TS1/5 on input line 334.
Package textcomp Info: Setting hlcw sub-encoding to TS1/5 on input line 335.
Package textcomp Info: Setting hlcf sub-encoding to TS1/5 on input line 336.
Package textcomp Info: Setting pplx sub-encoding to TS1/3 on input line 337.
Package textcomp Info: Setting pplj sub-encoding to TS1/3 on input line 338.
Package textcomp Info: Setting ptmx sub-encoding to TS1/4 on input line 339.
Package textcomp Info: Setting ptmj sub-encoding to TS1/4 on input line 340.
))
(C:\Users\kapelner\workspace\GreedyExperimentalDesign\reports\sim_results.aux)
LaTeX Font Info:    Checking defaults for OML/cmm/m/it on input line 61.
LaTeX Font Info:    ... okay on input line 61.
LaTeX Font Info:    Checking defaults for T1/cmr/m/n on input line 61.
LaTeX Font Info:    ... okay on input line 61.
LaTeX Font Info:    Checking defaults for OT1/cmr/m/n on input line 61.
LaTeX Font Info:    ... okay on input line 61.
LaTeX Font Info:    Checking defaults for OMS/cmsy/m/n on input line 61.
LaTeX Font Info:    ... okay on input line 61.
LaTeX Font Info:    Checking defaults for OMX/cmex/m/n on input line 61.
LaTeX Font Info:    ... okay on input line 61.
LaTeX Font Info:    Checking defaults for U/cmr/m/n on input line 61.
LaTeX Font Info:    ... okay on input line 61.
LaTeX Font Info:    Checking defaults for TS1/cmr/m/n on input line 61.
LaTeX Font Info:    Try loading font information for TS1+cmr on input line 61.

("C:\Program Files (x86)\MiKTeX 2.9\tex\latex\base\ts1cmr.fd"
File: ts1cmr.fd 1999/05/25 v2.5h Standard LaTeX font definitions
)
LaTeX Font Info:    ... okay on input line 61.

("C:\Program Files (x86)\MiKTeX 2.9\tex\context\base\supp-pdf.mkii"
[Loading MPS to PDF converter (version 2006.09.02).]
\scratchcounter=\count114
\scratchdimen=\dimen118
\scratchbox=\box26
\nofMPsegments=\count115
\nofMParguments=\count116
\everyMPshowfont=\toks19
\MPscratchCnt=\count117
\MPscratchDim=\dimen119
\MPnumerator=\count118
\makeMPintoPDFobject=\count119
\everyMPtoPDFconversion=\toks20
)
*geometry* driver: auto-detecting
*geometry* detected driver: pdftex
*geometry* verbose mode - [ preamble ] result:
* driver: pdftex
* paper: <default>
* layout: <same size as paper>
* layoutoffset:(h,v)=(0.0pt,0.0pt)
* modes: 
* h-part:(L,W,R)=(72.26999pt, 469.75502pt, 72.26999pt)
* v-part:(T,H,B)=(72.26999pt, 650.43001pt, 72.26999pt)
* \paperwidth=614.295pt
* \paperheight=794.96999pt
* \textwidth=469.75502pt
* \textheight=650.43001pt
* \oddsidemargin=0.0pt
* \evensidemargin=0.0pt
* \topmargin=-37.0pt
* \headheight=12.0pt
* \headsep=25.0pt
* \topskip=10.0pt
* \footskip=30.0pt
* \marginparwidth=65.0pt
* \marginparsep=11.0pt
* \columnsep=10.0pt
* \skip\footins=9.0pt plus 4.0pt minus 2.0pt
* \hoffset=0.0pt
* \voffset=0.0pt
* \mag=1000
* \@twocolumnfalse
* \@twosidefalse
* \@mparswitchfalse
* \@reversemarginfalse
* (1in=72.27pt=25.4mm, 1cm=28.453pt)

LaTeX Font Info:    External font `cmex10' loaded for size
(Font)              <12> on input line 62.
LaTeX Font Info:    External font `cmex10' loaded for size
(Font)              <8> on input line 62.
LaTeX Font Info:    External font `cmex10' loaded for size
(Font)              <6> on input line 62.
Package color Info: Redefining color shadecolor on input line 72.
<figure/load_and_cleanup_data1.pdf, id=1, 505.89pt x 433.62pt>
File: figure/load_and_cleanup_data1.pdf Graphic file (type pdf)

<use figure/load_and_cleanup_data1.pdf>
Package pdftex.def Info: figure/load_and_cleanup_data1.pdf used on input line 7
3.
(pdftex.def)             Requested size: 469.75502pt x 402.65372pt.
LaTeX Font Info:    Try loading font information for T1+cmtt on input line 74.

("C:\Program Files (x86)\MiKTeX 2.9\tex\latex\base\t1cmtt.fd"
File: t1cmtt.fd 1999/05/25 v2.5h Standard LaTeX font definitions
)
LaTeX Font Info:    Try loading font information for TS1+cmtt on input line 111
.

("C:\Program Files (x86)\MiKTeX 2.9\tex\latex\base\ts1cmtt.fd"
File: ts1cmtt.fd 1999/05/25 v2.5h Standard LaTeX font definitions
) [1

{C:/ProgramData/MiKTeX/2.9/pdftex/config/pdftex.map} <C:/Users/kapelner/workspa
ce/GreedyExperimentalDesign/reports/figure/load_and_cleanup_data1.pdf>]
<figure/load_and_cleanup_data2.pdf, id=19, 505.89pt x 433.62pt>
File: figure/load_and_cleanup_data2.pdf Graphic file (type pdf)

<use figure/load_and_cleanup_data2.pdf>
Package pdftex.def Info: figure/load_and_cleanup_data2.pdf used on input line 1
13.
(pdftex.def)             Requested size: 469.75502pt x 402.65372pt.

Overfull \hbox (15.0pt too wide) in paragraph at lines 113--114
[][] 
 []

[2]
Underfull \vbox (badness 2269) detected at line 148
 []

[3 <C:/Users/kapelner/workspace/GreedyExperimentalDesign/reports/figure/load_an
d_cleanup_data2.pdf>]
<figure/load_and_cleanup_data3.pdf, id=34, 505.89pt x 433.62pt>
File: figure/load_and_cleanup_data3.pdf Graphic file (type pdf)

<use figure/load_and_cleanup_data3.pdf>
Package pdftex.def Info: figure/load_and_cleanup_data3.pdf used on input line 1
49.
(pdftex.def)             Requested size: 469.75502pt x 402.65372pt.

Overfull \hbox (15.0pt too wide) in paragraph at lines 149--150
[][] 
 []

[4 <C:/Users/kapelner/workspace/GreedyExperimentalDesign/reports/figure/load_an
d_cleanup_data3.pdf>]
<figure/load_and_cleanup_data4.pdf, id=45, 505.89pt x 433.62pt>
File: figure/load_and_cleanup_data4.pdf Graphic file (type pdf)

<use figure/load_and_cleanup_data4.pdf>
Package pdftex.def Info: figure/load_and_cleanup_data4.pdf used on input line 1
85.
(pdftex.def)             Requested size: 469.75502pt x 402.65372pt.

Overfull \hbox (15.0pt too wide) in paragraph at lines 185--186
[][] 
 []

[5]
Underfull \vbox (badness 2269) detected at line 218
 []

[6 <C:/Users/kapelner/workspace/GreedyExperimentalDesign/reports/figure/load_an
d_cleanup_data4.pdf>]
<figure/load_and_cleanup_data5.pdf, id=59, 505.89pt x 433.62pt>
File: figure/load_and_cleanup_data5.pdf Graphic file (type pdf)

<use figure/load_and_cleanup_data5.pdf>
Package pdftex.def Info: figure/load_and_cleanup_data5.pdf used on input line 2
19.
(pdftex.def)             Requested size: 469.75502pt x 402.65372pt.

Overfull \hbox (15.0pt too wide) in paragraph at lines 219--220
[][] 
 []

[7 <C:/Users/kapelner/workspace/GreedyExperimentalDesign/reports/figure/load_an
d_cleanup_data5.pdf>]
<figure/load_and_cleanup_data6.pdf, id=71, 505.89pt x 433.62pt>
File: figure/load_and_cleanup_data6.pdf Graphic file (type pdf)

<use figure/load_and_cleanup_data6.pdf>
Package pdftex.def Info: figure/load_and_cleanup_data6.pdf used on input line 2
55.
(pdftex.def)             Requested size: 469.75502pt x 402.65372pt.

Overfull \hbox (15.0pt too wide) in paragraph at lines 255--256
[][] 
 []

[8]
Underfull \vbox (badness 2269) detected at line 294
 []

[9 <C:/Users/kapelner/workspace/GreedyExperimentalDesign/reports/figure/load_an
d_cleanup_data6.pdf>]
<figure/load_and_cleanup_data7.pdf, id=85, 505.89pt x 433.62pt>
File: figure/load_and_cleanup_data7.pdf Graphic file (type pdf)

<use figure/load_and_cleanup_data7.pdf>
Package pdftex.def Info: figure/load_and_cleanup_data7.pdf used on input line 2
95.
(pdftex.def)             Requested size: 469.75502pt x 402.65372pt.

Overfull \hbox (15.0pt too wide) in paragraph at lines 295--296
[][] 
 []

[10 <C:/Users/kapelner/workspace/GreedyExperimentalDesign/reports/figure/load_a
nd_cleanup_data7.pdf>]
<figure/load_and_cleanup_data8.pdf, id=96, 505.89pt x 433.62pt>
File: figure/load_and_cleanup_data8.pdf Graphic file (type pdf)

<use figure/load_and_cleanup_data8.pdf>
Package pdftex.def Info: figure/load_and_cleanup_data8.pdf used on input line 3
29.
(pdftex.def)             Requested size: 469.75502pt x 402.65372pt.

Overfull \hbox (15.0pt too wide) in paragraph at lines 329--330
[][] 
 []

[11]
Underfull \vbox (badness 2269) detected at line 362
 []

[12 <C:/Users/kapelner/workspace/GreedyExperimentalDesign/reports/figure/load_a
nd_cleanup_data8.pdf>]
<figure/load_and_cleanup_data9.pdf, id=110, 505.89pt x 433.62pt>
File: figure/load_and_cleanup_data9.pdf Graphic file (type pdf)

<use figure/load_and_cleanup_data9.pdf>
Package pdftex.def Info: figure/load_and_cleanup_data9.pdf used on input line 3
63.
(pdftex.def)             Requested size: 469.75502pt x 402.65372pt.

Overfull \hbox (15.0pt too wide) in paragraph at lines 363--364
[][] 
 []

[13 <C:/Users/kapelner/workspace/GreedyExperimentalDesign/reports/figure/load_a
nd_cleanup_data9.pdf>]
<figure/load_and_cleanup_data10.pdf, id=122, 505.89pt x 433.62pt>
File: figure/load_and_cleanup_data10.pdf Graphic file (type pdf)

<use figure/load_and_cleanup_data10.pdf>
Package pdftex.def Info: figure/load_and_cleanup_data10.pdf used on input line 
397.
(pdftex.def)             Requested size: 469.75502pt x 402.65372pt.

Overfull \hbox (15.0pt too wide) in paragraph at lines 397--398
[][] 
 []

[14]
Underfull \vbox (badness 2269) detected at line 430
 []

[15 <C:/Users/kapelner/workspace/GreedyExperimentalDesign/reports/figure/load_a
nd_cleanup_data10.pdf>]
<figure/load_and_cleanup_data11.pdf, id=136, 505.89pt x 433.62pt>
File: figure/load_and_cleanup_data11.pdf Graphic file (type pdf)

<use figure/load_and_cleanup_data11.pdf>
Package pdftex.def Info: figure/load_and_cleanup_data11.pdf used on input line 
431.
(pdftex.def)             Requested size: 469.75502pt x 402.65372pt.

Overfull \hbox (15.0pt too wide) in paragraph at lines 431--432
[][] 
 []

[16 <C:/Users/kapelner/workspace/GreedyExperimentalDesign/reports/figure/load_a
nd_cleanup_data11.pdf>]
<figure/load_and_cleanup_data12.pdf, id=147, 505.89pt x 433.62pt>
File: figure/load_and_cleanup_data12.pdf Graphic file (type pdf)

<use figure/load_and_cleanup_data12.pdf>
Package pdftex.def Info: figure/load_and_cleanup_data12.pdf used on input line 
467.
(pdftex.def)             Requested size: 469.75502pt x 402.65372pt.

Overfull \hbox (15.0pt too wide) in paragraph at lines 467--468
[][] 
 []

[17]
Underfull \vbox (badness 2269) detected at line 500
 []

[18 <C:/Users/kapelner/workspace/GreedyExperimentalDesign/reports/figure/load_a
nd_cleanup_data12.pdf>]
LaTeX Font Info:    External font `cmex10' loaded for size
(Font)              <7> on input line 509.
LaTeX Font Info:    External font `cmex10' loaded for size
(Font)              <5> on input line 509.

<figure/results_table.pdf, id=161, 361.35pt x 361.35pt>
File: figure/results_table.pdf Graphic file (type pdf)

<use figure/results_table.pdf>
Package pdftex.def Info: figure/results_table.pdf used on input line 529.
(pdftex.def)             Requested size: 361.34912pt x 361.34912pt.
 [19] [20 <C:/Users/kapelner/workspace/GreedyExperimentalDesign/reports/figure/
results_table.pdf>]
(C:\Users\kapelner\workspace\GreedyExperimentalDesign\reports\sim_results.aux) 
) 
Here is how much of TeX's memory you used:
 3479 strings out of 493921
 52884 string characters out of 3144868
 129729 words of memory out of 3000000
 6701 multiletter control sequences out of 15000+200000
 11588 words of font info for 31 fonts, out of 3000000 for 9000
 841 hyphenation exceptions out of 8191
 28i,8n,32p,929b,260s stack positions out of 5000i,500n,10000p,200000b,50000s
{C:/Program Files (x86)/MiKTeX 2.9/fonts/enc/dvips/cm-super/cm-super-ts1.enc}{
C:/Program Files (x86)/MiKTeX 2.9/fonts/enc/dvips/cm-super/cm-super-t1.enc}<C:/
Program Files (x86)/MiKTeX 2.9/fonts/type1/public/cm-super/sfbx1440.pfb><C:/Pro
gram Files (x86)/MiKTeX 2.9/fonts/type1/public/cm-super/sfrm0800.pfb><C:/Progra
m Files (x86)/MiKTeX 2.9/fonts/type1/public/cm-super/sfrm1000.pfb><C:/Program F
iles (x86)/MiKTeX 2.9/fonts/type1/public/cm-super/sfrm1200.pfb><C:/Program File
s (x86)/MiKTeX 2.9/fonts/type1/public/cm-super/sfrm1728.pfb><C:/Program Files (
x86)/MiKTeX 2.9/fonts/type1/public/cm-super/sftt1000.pfb>
Output written on sim_results.pdf (20 pages, 229510 bytes).
PDF statistics:
 198 PDF objects out of 1000 (max. 8388607)
 0 named destinations out of 1000 (max. 500000)
 66 words of extra memory for PDF output out of 10000 (max. 10000000)

